[<phonopy.structure.atoms.PhonopyAtoms object at 0x7fd108773910>, <phonopy.structure.atoms.PhonopyAtoms object at 0x7fd1140fcf50>, <phonopy.structure.atoms.PhonopyAtoms object at 0x7fd1087739d0>, <phonopy.structure.atoms.PhonopyAtoms object at 0x7fd108773b10>, <phonopy.structure.atoms.PhonopyAtoms object at 0x7fd108773c90>, <phonopy.structure.atoms.PhonopyAtoms object at 0x7fd108773f90>, <phonopy.structure.atoms.PhonopyAtoms object at 0x7fd108771290>, <phonopy.structure.atoms.PhonopyAtoms object at 0x7fd108772650>, <phonopy.structure.atoms.PhonopyAtoms object at 0x7fd108658050>, <phonopy.structure.atoms.PhonopyAtoms object at 0x7fd108773e10>, <phonopy.structure.atoms.PhonopyAtoms object at 0x7fd1086581d0>, <phonopy.structure.atoms.PhonopyAtoms object at 0x7fd108658410>, <phonopy.structure.atoms.PhonopyAtoms object at 0x7fd108658590>, <phonopy.structure.atoms.PhonopyAtoms object at 0x7fd108658710>, <phonopy.structure.atoms.PhonopyAtoms object at 0x7fd1086587d0>, <phonopy.structure.atoms.PhonopyAtoms object at 0x7fd108658910>, <phonopy.structure.atoms.PhonopyAtoms object at 0x7fd108658ad0>, <phonopy.structure.atoms.PhonopyAtoms object at 0x7fd108658bd0>, <phonopy.structure.atoms.PhonopyAtoms object at 0x7fd108658d50>, <phonopy.structure.atoms.PhonopyAtoms object at 0x7fd108785150>, <phonopy.structure.atoms.PhonopyAtoms object at 0x7fd1087851d0>, <phonopy.structure.atoms.PhonopyAtoms object at 0x7fd108785250>, <phonopy.structure.atoms.PhonopyAtoms object at 0x7fd1087852d0>, <phonopy.structure.atoms.PhonopyAtoms object at 0x7fd108785350>, <phonopy.structure.atoms.PhonopyAtoms object at 0x7fd1087853d0>, <phonopy.structure.atoms.PhonopyAtoms object at 0x7fd108785450>, <phonopy.structure.atoms.PhonopyAtoms object at 0x7fd1087854d0>, <phonopy.structure.atoms.PhonopyAtoms object at 0x7fd108785550>, <phonopy.structure.atoms.PhonopyAtoms object at 0x7fd1087855d0>, <phonopy.structure.atoms.PhonopyAtoms object at 0x7fd108785650>, <phonopy.structure.atoms.PhonopyAtoms object at 0x7fd1087856d0>, <phonopy.structure.atoms.PhonopyAtoms object at 0x7fd108785750>, <phonopy.structure.atoms.PhonopyAtoms object at 0x7fd1087857d0>, <phonopy.structure.atoms.PhonopyAtoms object at 0x7fd108785850>, <phonopy.structure.atoms.PhonopyAtoms object at 0x7fd1087858d0>, <phonopy.structure.atoms.PhonopyAtoms object at 0x7fd108785950>, <phonopy.structure.atoms.PhonopyAtoms object at 0x7fd1087859d0>, <phonopy.structure.atoms.PhonopyAtoms object at 0x7fd108785a50>, <phonopy.structure.atoms.PhonopyAtoms object at 0x7fd108785ad0>, <phonopy.structure.atoms.PhonopyAtoms object at 0x7fd108785b50>, <phonopy.structure.atoms.PhonopyAtoms object at 0x7fd108785bd0>, <phonopy.structure.atoms.PhonopyAtoms object at 0x7fd108785c50>, <phonopy.structure.atoms.PhonopyAtoms object at 0x7fd108785cd0>, <phonopy.structure.atoms.PhonopyAtoms object at 0x7fd108785d50>, <phonopy.structure.atoms.PhonopyAtoms object at 0x7fd108785dd0>, <phonopy.structure.atoms.PhonopyAtoms object at 0x7fd108785e50>, <phonopy.structure.atoms.PhonopyAtoms object at 0x7fd108785ed0>, <phonopy.structure.atoms.PhonopyAtoms object at 0x7fd108785f50>, <phonopy.structure.atoms.PhonopyAtoms object at 0x7fd108785fd0>, <phonopy.structure.atoms.PhonopyAtoms object at 0x7fd108786050>, <phonopy.structure.atoms.PhonopyAtoms object at 0x7fd1087860d0>, <phonopy.structure.atoms.PhonopyAtoms object at 0x7fd108786150>, <phonopy.structure.atoms.PhonopyAtoms object at 0x7fd1087861d0>, <phonopy.structure.atoms.PhonopyAtoms object at 0x7fd108786250>, <phonopy.structure.atoms.PhonopyAtoms object at 0x7fd1087862d0>, <phonopy.structure.atoms.PhonopyAtoms object at 0x7fd108786350>, <phonopy.structure.atoms.PhonopyAtoms object at 0x7fd1087863d0>, <phonopy.structure.atoms.PhonopyAtoms object at 0x7fd108786450>, <phonopy.structure.atoms.PhonopyAtoms object at 0x7fd1087864d0>, <phonopy.structure.atoms.PhonopyAtoms object at 0x7fd108786550>, <phonopy.structure.atoms.PhonopyAtoms object at 0x7fd1087865d0>, <phonopy.structure.atoms.PhonopyAtoms object at 0x7fd108786650>, <phonopy.structure.atoms.PhonopyAtoms object at 0x7fd1087866d0>, <phonopy.structure.atoms.PhonopyAtoms object at 0x7fd108786750>, <phonopy.structure.atoms.PhonopyAtoms object at 0x7fd1087867d0>, <phonopy.structure.atoms.PhonopyAtoms object at 0x7fd108786850>, <phonopy.structure.atoms.PhonopyAtoms object at 0x7fd1087868d0>, <phonopy.structure.atoms.PhonopyAtoms object at 0x7fd108786950>, <phonopy.structure.atoms.PhonopyAtoms object at 0x7fd1087869d0>, <phonopy.structure.atoms.PhonopyAtoms object at 0x7fd108786a50>, <phonopy.structure.atoms.PhonopyAtoms object at 0x7fd108786ad0>, <phonopy.structure.atoms.PhonopyAtoms object at 0x7fd108786b50>, <phonopy.structure.atoms.PhonopyAtoms object at 0x7fd108786bd0>, <phonopy.structure.atoms.PhonopyAtoms object at 0x7fd108786c50>, <phonopy.structure.atoms.PhonopyAtoms object at 0x7fd108786cd0>, <phonopy.structure.atoms.PhonopyAtoms object at 0x7fd108786d50>, <phonopy.structure.atoms.PhonopyAtoms object at 0x7fd108786dd0>, <phonopy.structure.atoms.PhonopyAtoms object at 0x7fd108786e50>, <phonopy.structure.atoms.PhonopyAtoms object at 0x7fd108786ed0>, <phonopy.structure.atoms.PhonopyAtoms object at 0x7fd108786f50>, <phonopy.structure.atoms.PhonopyAtoms object at 0x7fd108786fd0>, <phonopy.structure.atoms.PhonopyAtoms object at 0x7fd108787050>, <phonopy.structure.atoms.PhonopyAtoms object at 0x7fd1087870d0>, <phonopy.structure.atoms.PhonopyAtoms object at 0x7fd108787150>, <phonopy.structure.atoms.PhonopyAtoms object at 0x7fd1087871d0>, <phonopy.structure.atoms.PhonopyAtoms object at 0x7fd108787250>, <phonopy.structure.atoms.PhonopyAtoms object at 0x7fd1087872d0>, <phonopy.structure.atoms.PhonopyAtoms object at 0x7fd108787350>, <phonopy.structure.atoms.PhonopyAtoms object at 0x7fd1087873d0>, <phonopy.structure.atoms.PhonopyAtoms object at 0x7fd108787450>, <phonopy.structure.atoms.PhonopyAtoms object at 0x7fd1087874d0>, <phonopy.structure.atoms.PhonopyAtoms object at 0x7fd108787550>, <phonopy.structure.atoms.PhonopyAtoms object at 0x7fd1087875d0>, <phonopy.structure.atoms.PhonopyAtoms object at 0x7fd108787650>, <phonopy.structure.atoms.PhonopyAtoms object at 0x7fd1087876d0>, <phonopy.structure.atoms.PhonopyAtoms object at 0x7fd108787750>, <phonopy.structure.atoms.PhonopyAtoms object at 0x7fd1087877d0>, <phonopy.structure.atoms.PhonopyAtoms object at 0x7fd108787850>, <phonopy.structure.atoms.PhonopyAtoms object at 0x7fd1087878d0>, <phonopy.structure.atoms.PhonopyAtoms object at 0x7fd108787950>, <phonopy.structure.atoms.PhonopyAtoms object at 0x7fd1087879d0>, <phonopy.structure.atoms.PhonopyAtoms object at 0x7fd108787a50>, <phonopy.structure.atoms.PhonopyAtoms object at 0x7fd108787ad0>, <phonopy.structure.atoms.PhonopyAtoms object at 0x7fd108787b50>, <phonopy.structure.atoms.PhonopyAtoms object at 0x7fd108787bd0>, <phonopy.structure.atoms.PhonopyAtoms object at 0x7fd108787c50>, <phonopy.structure.atoms.PhonopyAtoms object at 0x7fd108787cd0>, <phonopy.structure.atoms.PhonopyAtoms object at 0x7fd108787d50>, <phonopy.structure.atoms.PhonopyAtoms object at 0x7fd108787dd0>, <phonopy.structure.atoms.PhonopyAtoms object at 0x7fd108787e50>, <phonopy.structure.atoms.PhonopyAtoms object at 0x7fd108787ed0>]
(111, 64, 3)
Displacement dataset for fc3 was read from "phono3py_disp.yaml".
Sets of supercell forces were read from "FORCES_FC3".
Computing fc3[ 1, x, x ] using numpy.linalg.pinv with a displacement:
    [ 0.0300  0.0000  0.0000]
Expanding fc3.
fc3 was symmetrized.
fc2 was symmetrized.
Max drift of fc3: -0.000000 (xyz) -0.000000 (yxz) -0.000000 (yzx)
Max drift of fc2: -0.000000 (zz) -0.000000 (zz)
========================== Warning ==========================
 Phonon frequency of band index 3 at Gamma is calculated to be 7.039499.
 But this frequency is forced to be zero.
=============================================================
------------------- Lattice thermal conducitivity (LBTE) -------------------
Cutoff frequency of pseudo inversion of collision matrix: 1e-08
======================= Grid point 0 (1/56) =======================
q-point: ( 0.00  0.00  0.00)
Number of triplets: 56
Calculating collision matrix with tetrahedron method.
Calculating ph-ph interaction...
Frequency     group velocity (x, y, z)     |gv|
 -19.925   (   0.000    0.000    0.000)    0.000
 -14.432   (   0.000    0.000    0.000)    0.000
   7.039   (   0.000    0.000    0.000)    0.000
   9.841   (  -0.000    0.000    0.000)    0.000
  14.491   (  -0.000    0.000   -0.000)    0.000
  21.956   (  -0.000    0.000    0.000)    0.000
======================= Grid point 1 (2/56) =======================
q-point: ( 0.09  0.00  0.00)
Number of triplets: 146
Calculating collision matrix with tetrahedron method.
Calculating ph-ph interaction...
Frequency     group velocity (x, y, z)     |gv|
 -20.051   ( -22.858   22.858   22.858)   39.591
 -19.279   ( -22.858   22.858   22.858)   39.591
 -14.098   ( -49.849   49.849   49.849)   86.341
   7.460   (   7.129   -7.129   -7.129)   12.348
  14.314   (   3.651   -3.651   -3.651)    6.324
  20.828   (   3.651   -3.651   -3.651)    6.324
======================= Grid point 2 (3/56) =======================
q-point: ( 0.18  0.00  0.00)
Number of triplets: 146
Calculating collision matrix with tetrahedron method.
Calculating ph-ph interaction...
Frequency     group velocity (x, y, z)     |gv|
 -20.177   ( -16.564   16.564   16.564)   28.689
 -19.294   ( -16.564   16.564   16.564)   28.689
 -14.551   ( -47.277   47.277   47.277)   81.887
   7.094   (  11.549  -11.549  -11.549)   20.003
  13.935   (   5.099   -5.099   -5.099)    8.832
  18.244   (   5.099   -5.099   -5.099)    8.832
======================= Grid point 3 (4/56) =======================
q-point: ( 0.27  0.00  0.00)
Number of triplets: 146
Calculating collision matrix with tetrahedron method.
Calculating ph-ph interaction...
Frequency     group velocity (x, y, z)     |gv|
 -19.498   (  -8.141    8.141    8.141)   14.100
 -18.312   (  -8.141    8.141    8.141)   14.100
 -14.556   ( -42.895   42.895   42.895)   74.296
   6.209   (  13.224  -13.224  -13.224)   22.904
  12.473   (   3.581   -3.581   -3.581)    6.202
  14.009   (   3.581   -3.581   -3.581)    6.202
======================= Grid point 4 (5/56) =======================
q-point: ( 0.36  0.00  0.00)
Number of triplets: 146
Calculating collision matrix with tetrahedron method.
Calculating ph-ph interaction...
Frequency     group velocity (x, y, z)     |gv|
 -19.462   (  -1.735    1.735    1.735)    3.005
 -17.313   (  -1.735    1.735    1.735)    3.005
 -13.999   ( -35.902   35.902   35.902)   62.184
  -1.911   (  14.702  -14.702  -14.702)   25.465
  10.226   (   1.092   -1.092   -1.092)    1.892
  13.593   (   1.092   -1.092   -1.092)    1.892
======================= Grid point 5 (6/56) =======================
q-point: ( 0.45  0.00  0.00)
Number of triplets: 146
Calculating collision matrix with tetrahedron method.
Calculating ph-ph interaction...
Frequency     group velocity (x, y, z)     |gv|
 -19.798   (   0.165   -0.165   -0.165)    0.286
 -17.576   (   0.165   -0.165   -0.165)    0.286
 -12.460   ( -21.975   21.975   21.975)   38.062
  -3.856   (  14.073  -14.073  -14.073)   24.375
  11.305   (   0.025   -0.025   -0.025)    0.043
  13.864   (   0.025   -0.025   -0.025)    0.043
======================= Grid point 12 (7/56) =======================
q-point: ( 0.09  0.09  0.00)
Number of triplets: 126
Calculating collision matrix with tetrahedron method.
Calculating ph-ph interaction...
Frequency     group velocity (x, y, z)     |gv|
 -20.122   (  -0.000    0.000   45.173)   45.173
 -19.425   (  -0.000    0.000   45.173)   45.173
 -14.177   (  -0.000    0.000   80.462)   80.462
   7.351   (   0.000   -0.000  -12.325)   12.325
  14.195   (   0.000   -0.000  -12.325)   12.325
  19.864   (   0.000   -0.000   -4.459)    4.459
======================= Grid point 13 (8/56) =======================
q-point: ( 0.18  0.09  0.00)
Number of triplets: 366
Calculating collision matrix with tetrahedron method.
Calculating ph-ph interaction...
Frequency     group velocity (x, y, z)     |gv|
 -20.213   (  -4.569    4.569   35.634)   36.215
 -19.426   (  -6.337    6.337   43.687)   44.597
 -14.640   ( -27.885   27.885   64.085)   75.247
   6.892   (   6.776   -6.776  -15.234)   17.997
  13.820   (   0.552   -0.552  -14.891)   14.911
  17.703   (   3.507   -3.507   -6.797)    8.414
======================= Grid point 14 (9/56) =======================
q-point: ( 0.27  0.09  0.00)
Number of triplets: 366
Calculating collision matrix with tetrahedron method.
Calculating ph-ph interaction...
Frequency     group velocity (x, y, z)     |gv|
 -19.714   (  -0.912    0.912   22.597)   22.634
 -18.781   (   1.710   -1.710   41.970)   42.040
 -14.881   ( -37.395   37.395   45.571)   69.811
   6.283   (  11.046  -11.046  -16.167)   22.481
  13.087   (  -0.963    0.963  -12.836)   12.908
  14.372   (   3.480   -3.480   -7.233)    8.748
======================= Grid point 15 (10/56) =======================
q-point: ( 0.36  0.09  0.00)
Number of triplets: 366
Calculating collision matrix with tetrahedron method.
Calculating ph-ph interaction...
Frequency     group velocity (x, y, z)     |gv|
 -19.464   (   3.288   -3.288   13.352)   14.138
 -14.735   (  12.484  -12.484   38.010)   41.910
 -11.473   ( -39.079   39.079   30.636)   63.189
   4.137   (  12.870  -12.870  -18.973)   26.292
  10.167   (  -3.031    3.031   -9.262)   10.206
  13.449   (   0.943   -0.943   -4.845)    5.025
======================= Grid point 16 (11/56) =======================
q-point: ( 0.45  0.09  0.00)
Number of triplets: 366
Calculating collision matrix with tetrahedron method.
Calculating ph-ph interaction...
Frequency     group velocity (x, y, z)     |gv|
 -19.555   (   4.711   -4.711   11.649)   13.420
 -17.645   (  18.162  -18.162   34.341)   42.884
 -13.687   ( -33.020   33.020   16.056)   49.380
  -3.436   (  13.094  -13.094  -22.778)   29.356
  10.488   (  -3.944    3.944   -7.765)    9.560
  13.499   (  -0.820    0.820   -2.369)    2.638
======================= Grid point 17 (12/56) =======================
q-point: (-0.45  0.09  0.00)
Number of triplets: 366
Calculating collision matrix with tetrahedron method.
Calculating ph-ph interaction...
Frequency     group velocity (x, y, z)     |gv|
 -19.837   (   4.947   -4.947   13.534)   15.236
 -16.844   (  18.032  -18.032   33.402)   42.024
 -13.372   (   2.490   -2.490  -20.877)   21.172
  -4.655   ( -10.298   10.298   -3.445)   14.965
  10.137   (  -4.061    4.061   -7.655)    9.570
  13.412   (  -0.753    0.753   -1.177)    1.587
======================= Grid point 18 (13/56) =======================
q-point: (-0.36  0.09  0.00)
Number of triplets: 366
Calculating collision matrix with tetrahedron method.
Calculating ph-ph interaction...
Frequency     group velocity (x, y, z)     |gv|
 -19.444   (   7.099   -7.099   11.999)   15.645
 -17.730   (  17.318  -17.318   34.218)   42.079
 -14.189   (  26.774  -26.774  -41.792)   56.394
  -3.692   ( -21.029   21.029    5.490)   30.242
   9.911   (  -4.867    4.867   -5.654)    8.908
  13.444   (  -0.393    0.393   -0.789)    0.965
======================= Grid point 19 (14/56) =======================
q-point: (-0.27  0.09  0.00)
Number of triplets: 366
Calculating collision matrix with tetrahedron method.
Calculating ph-ph interaction...
Frequency     group velocity (x, y, z)     |gv|
 -19.122   (  12.513  -12.513    4.768)   18.327
 -16.155   (  21.705  -21.705   32.310)   44.567
 -14.450   (  35.818  -35.818  -44.474)   67.407
   4.789   ( -18.757   18.757    5.978)   27.191
  10.271   (  -2.178    2.178   -0.956)    3.225
  13.652   (  -6.517    6.517   -1.076)    9.279
======================= Grid point 20 (15/56) =======================
q-point: (-0.18  0.09  0.00)
Number of triplets: 366
Calculating collision matrix with tetrahedron method.
Calculating ph-ph interaction...
Frequency     group velocity (x, y, z)     |gv|
 -20.154   (  19.675  -19.675   -2.778)   27.963
 -18.991   (  30.368  -30.368   22.482)   48.475
 -14.527   (  43.518  -43.518  -34.825)   70.713
   7.155   ( -16.115   16.115    6.224)   23.625
  13.635   (  -6.027    6.027   -1.677)    8.686
  15.577   (  -7.124    7.124    2.053)   10.282
======================= Grid point 21 (16/56) =======================
q-point: (-0.09  0.09  0.00)
Number of triplets: 216
Calculating collision matrix with tetrahedron method.
Calculating ph-ph interaction...
Frequency     group velocity (x, y, z)     |gv|
 -20.225   (  25.319  -25.319    0.000)   35.806
 -19.236   (  35.327  -35.327    0.000)   49.961
 -14.065   (  52.293  -52.293    0.000)   73.954
   7.585   ( -12.097   12.097    0.000)   17.107
  14.195   (  -8.117    8.117    0.000)   11.479
  19.348   (  -5.402    5.402    0.000)    7.640
======================= Grid point 24 (17/56) =======================
q-point: ( 0.18  0.18  0.00)
Number of triplets: 126
Calculating collision matrix with tetrahedron method.
Calculating ph-ph interaction...
Frequency     group velocity (x, y, z)     |gv|
 -20.408   (  -0.000    0.000   34.645)   34.645
 -19.395   (  -0.000    0.000   34.645)   34.645
 -14.795   (  -0.000    0.000   74.603)   74.603
   6.688   (   0.000   -0.000  -17.312)   17.312
  13.367   (   0.000   -0.000  -17.312)   17.312
  15.192   (   0.000   -0.000   -9.956)    9.956
======================= Grid point 25 (18/56) =======================
q-point: ( 0.27  0.18  0.00)
Number of triplets: 366
Calculating collision matrix with tetrahedron method.
Calculating ph-ph interaction...
Frequency     group velocity (x, y, z)     |gv|
 -19.630   (   1.925   -1.925   24.713)   24.862
 -18.711   ( -13.128   13.128   30.275)   35.515
 -15.073   (  -8.759    8.759   62.597)   63.811
   5.678   (   6.058   -6.058  -15.990)   18.141
  11.120   (  -1.627    1.627  -15.001)   15.176
  13.537   (   2.300   -2.300  -12.359)   12.780
======================= Grid point 26 (19/56) =======================
q-point: ( 0.36  0.18  0.00)
Number of triplets: 366
Calculating collision matrix with tetrahedron method.
Calculating ph-ph interaction...
Frequency     group velocity (x, y, z)     |gv|
 -19.404   (   4.966   -4.966   16.012)   17.484
 -15.307   (  -3.992    3.992   32.273)   32.763
 -11.184   ( -19.111   19.111   40.943)   49.058
   4.054   (  12.879  -12.879  -18.248)   25.783
   9.124   (  -3.755    3.755  -11.331)   12.514
  13.193   (  -0.633    0.633   -9.858)    9.898
======================= Grid point 27 (20/56) =======================
q-point: ( 0.45  0.18  0.00)
Number of triplets: 366
Calculating collision matrix with tetrahedron method.
Calculating ph-ph interaction...
Frequency     group velocity (x, y, z)     |gv|
 -19.256   (   5.520   -5.520   14.194)   16.199
 -16.427   (  12.456  -12.456   36.093)   40.163
 -14.096   ( -27.689   27.689   18.842)   43.456
   1.351   (  15.432  -15.432  -24.296)   32.659
   9.217   (  -4.758    4.758  -10.060)   12.103
  13.113   (  -2.822    2.822   -5.175)    6.535
======================= Grid point 28 (21/56) =======================
q-point: ( 0.55  0.18  0.00)
Number of triplets: 366
Calculating collision matrix with tetrahedron method.
Calculating ph-ph interaction...
Frequency     group velocity (x, y, z)     |gv|
 -19.082   (   5.097   -5.097   15.814)   17.379
 -16.679   (  20.339  -20.339   39.054)   48.503
 -13.854   ( -16.824   16.824   -6.714)   24.721
  -2.106   (   5.529   -5.529  -21.241)   22.634
   9.849   (  -5.144    5.144  -10.334)   12.638
  13.174   (  -2.844    2.844   -2.132)    4.553
======================= Grid point 29 (22/56) =======================
q-point: (-0.36  0.18  0.00)
Number of triplets: 366
Calculating collision matrix with tetrahedron method.
Calculating ph-ph interaction...
Frequency     group velocity (x, y, z)     |gv|
 -19.395   (   6.861   -6.861   13.912)   16.961
 -15.740   (  20.615  -20.615   40.809)   50.153
 -14.512   (  19.487  -19.487  -38.128)   47.044
  -4.764   ( -23.508   23.508   -1.833)   33.296
   8.499   (  -6.448    6.448   -8.458)   12.437
  13.062   (  -1.417    1.417   -0.574)    2.084
======================= Grid point 30 (23/56) =======================
q-point: (-0.27  0.18  0.00)
Number of triplets: 366
Calculating collision matrix with tetrahedron method.
Calculating ph-ph interaction...
Frequency     group velocity (x, y, z)     |gv|
 -18.875   (  11.557  -11.557    6.734)   17.677
 -16.056   (  21.670  -21.670   33.158)   45.152
 -15.177   (  29.184  -29.184  -34.409)   53.735
   1.037   ( -24.523   24.523    0.114)   34.681
   9.044   (  -8.612    8.612   -3.545)   12.684
  13.337   (  -0.181    0.181   -0.129)    0.287
======================= Grid point 31 (24/56) =======================
q-point: (-0.18  0.18  0.00)
Number of triplets: 216
Calculating collision matrix with tetrahedron method.
Calculating ph-ph interaction...
Frequency     group velocity (x, y, z)     |gv|
 -19.659   (  17.058  -17.058    0.000)   24.124
 -18.554   (  27.452  -27.452    0.000)   38.823
 -14.840   (  35.482  -35.482    0.000)   50.178
   6.154   ( -21.655   21.655    0.000)   30.625
  10.494   (  -1.541    1.541    0.000)    2.180
  13.815   (  -9.333    9.333    0.000)   13.199
======================= Grid point 36 (25/56) =======================
q-point: ( 0.27  0.27  0.00)
Number of triplets: 126
Calculating collision matrix with tetrahedron method.
Calculating ph-ph interaction...
Frequency     group velocity (x, y, z)     |gv|
 -19.355   (  -0.000    0.000   17.154)   17.154
 -17.465   (  -0.000    0.000   17.154)   17.154
 -15.092   (  -0.000    0.000   66.021)   66.021
   2.750   (   0.000   -0.000  -12.002)   12.002
   8.563   (   0.000   -0.000  -12.002)   12.002
  13.243   (   0.000   -0.000  -17.017)   17.017
======================= Grid point 37 (26/56) =======================
q-point: ( 0.36  0.27  0.00)
Number of triplets: 366
Calculating collision matrix with tetrahedron method.
Calculating ph-ph interaction...
Frequency     group velocity (x, y, z)     |gv|
 -19.318   (   2.560   -2.560    9.179)    9.868
 -16.774   ( -20.219   20.219   10.268)   30.382
 -14.776   (   3.902   -3.902   56.852)   57.120
  -5.918   (  10.097  -10.097  -13.633)   19.743
   7.530   (  -1.914    1.914   -7.774)    8.232
  12.986   (  -2.267    2.267  -14.846)   15.188
======================= Grid point 38 (27/56) =======================
q-point: ( 0.45  0.27  0.00)
Number of triplets: 366
Calculating collision matrix with tetrahedron method.
Calculating ph-ph interaction...
Frequency     group velocity (x, y, z)     |gv|
 -19.127   (   2.467   -2.467    7.521)    8.291
 -18.073   ( -19.624   19.624   10.426)   29.646
 -14.676   (   2.809   -2.809   41.198)   41.389
  -5.380   (  17.684  -17.684  -23.426)   34.267
   7.748   (  -2.554    2.554   -6.385)    7.336
  12.910   (  -4.911    4.911   -6.456)    9.482
======================= Grid point 39 (28/56) =======================
q-point: ( 0.55  0.27  0.00)
Number of triplets: 366
Calculating collision matrix with tetrahedron method.
Calculating ph-ph interaction...
Frequency     group velocity (x, y, z)     |gv|
 -18.695   (   1.409   -1.409    9.326)    9.536
 -17.461   (  -3.564    3.564   17.799)   18.498
 -14.153   (  -3.862    3.862   20.354)   21.074
  -1.692   (  16.321  -16.321  -28.076)   36.345
   8.578   (  -2.749    2.749   -6.820)    7.851
  12.929   (  -4.949    4.949   -2.496)    7.430
======================= Grid point 40 (29/56) =======================
q-point: (-0.36  0.27  0.00)
Number of triplets: 366
Calculating collision matrix with tetrahedron method.
Calculating ph-ph interaction...
Frequency     group velocity (x, y, z)     |gv|
 -19.402   (   2.861   -2.861    7.352)    8.392
 -16.400   (   9.825   -9.825   21.055)   25.226
 -11.582   (  17.965  -17.965  -12.662)   28.387
  -5.142   ( -14.004   14.004   -7.216)   21.078
   7.826   (  -4.331    4.331   -5.028)    7.924
  12.895   (  -3.863    3.863   -0.640)    5.500
======================= Grid point 41 (30/56) =======================
q-point: (-0.27  0.27  0.00)
Number of triplets: 216
Calculating collision matrix with tetrahedron method.
Calculating ph-ph interaction...
Frequency     group velocity (x, y, z)     |gv|
 -18.743   (   7.169   -7.169    0.000)   10.139
 -15.688   (  16.143  -16.143    0.000)   22.830
 -11.451   (  27.167  -27.167    0.000)   38.420
  -4.164   ( -25.565   25.565    0.000)   36.154
   8.504   (  -7.212    7.212    0.000)   10.199
  13.149   (  -1.699    1.699    0.000)    2.402
======================= Grid point 48 (31/56) =======================
q-point: ( 0.36  0.36  0.00)
Number of triplets: 126
Calculating collision matrix with tetrahedron method.
Calculating ph-ph interaction...
Frequency     group velocity (x, y, z)     |gv|
 -19.230   (  -0.000    0.000    1.396)    1.396
 -18.021   (  -0.000    0.000    1.396)    1.396
 -15.202   (  -0.000    0.000   55.966)   55.966
  -8.297   (   0.000   -0.000   -3.043)    3.043
   7.333   (   0.000   -0.000   -3.043)    3.043
  12.923   (   0.000   -0.000  -25.562)   25.562
======================= Grid point 49 (32/56) =======================
q-point: ( 0.45  0.36  0.00)
Number of triplets: 366
Calculating collision matrix with tetrahedron method.
Calculating ph-ph interaction...
Frequency     group velocity (x, y, z)     |gv|
 -19.903   (  -0.543    0.543   -0.247)    0.806
 -19.033   ( -23.510   23.510   -1.367)   33.277
 -15.308   (  10.368  -10.368   48.707)   50.866
  -8.365   (  14.954  -14.954  -26.685)   34.049
   7.364   (  -0.225    0.225   -1.435)    1.470
  12.866   (  -6.596    6.596   -4.207)   10.233
======================= Grid point 50 (33/56) =======================
q-point: ( 0.55  0.36  0.00)
Number of triplets: 366
Calculating collision matrix with tetrahedron method.
Calculating ph-ph interaction...
Frequency     group velocity (x, y, z)     |gv|
 -19.059   (  -2.348    2.348    1.826)    3.789
 -18.634   ( -28.485   28.485    0.227)   40.285
 -14.503   (  15.857  -15.857   39.060)   45.039
  -6.400   (  19.367  -19.367  -32.204)   42.276
   7.830   (   0.154   -0.154   -1.816)    1.829
  12.896   (  -6.206    6.206   -1.537)    8.911
======================= Grid point 51 (34/56) =======================
q-point: (-0.36  0.36  0.00)
Number of triplets: 216
Calculating collision matrix with tetrahedron method.
Calculating ph-ph interaction...
Frequency     group velocity (x, y, z)     |gv|
 -19.568   (  -1.326    1.326    0.000)    1.875
 -16.846   ( -14.605   14.605    0.000)   20.655
 -13.707   (  23.706  -23.706    0.000)   33.525
  -9.843   (   2.918   -2.918    0.000)    4.127
   7.605   (  -1.140    1.140    0.000)    1.612
  12.911   (  -5.475    5.475    0.000)    7.742
======================= Grid point 60 (35/56) =======================
q-point: ( 0.45  0.45  0.00)
Number of triplets: 126
Calculating collision matrix with tetrahedron method.
Calculating ph-ph interaction...
Frequency     group velocity (x, y, z)     |gv|
 -19.792   (   0.000   -0.000   -2.079)    2.079
 -19.052   (   0.000   -0.000   -2.079)    2.079
 -15.334   (  -0.000    0.000   45.468)   45.468
  -9.111   (   0.000   -0.000  -35.188)   35.188
   7.312   (  -0.000    0.000    0.313)    0.313
  12.886   (  -0.000    0.000    0.313)    0.313
======================= Grid point 61 (36/56) =======================
q-point: (-0.45 -0.55  0.00)
Number of triplets: 216
Calculating collision matrix with tetrahedron method.
Calculating ph-ph interaction...
Frequency     group velocity (x, y, z)     |gv|
 -19.592   (  -2.535    2.535    0.000)    3.585
 -18.917   ( -24.284   24.284    0.000)   34.343
 -15.090   (  14.024  -14.024    0.000)   19.833
  -9.484   (  12.586  -12.586    0.000)   17.799
   7.328   (   0.840   -0.840    0.000)    1.188
  12.889   (  -5.577    5.577    0.000)    7.888
======================= Grid point 148 (37/56) =======================
q-point: ( 0.27  0.18  0.09)
Number of triplets: 366
Calculating collision matrix with tetrahedron method.
Calculating ph-ph interaction...
Frequency     group velocity (x, y, z)     |gv|
 -19.702   (  -0.000    3.062   35.384)   35.516
 -19.139   (  -0.000   28.541   30.989)   42.130
 -13.943   (  -0.000   24.238   58.020)   62.880
   7.214   (   0.000  -12.946  -18.606)   22.667
  13.547   (   0.000    1.112  -12.256)   12.307
  16.007   (   0.000   -6.315   -9.720)   11.591
======================= Grid point 149 (38/56) =======================
q-point: ( 0.36  0.18  0.09)
Number of triplets: 666
Calculating collision matrix with tetrahedron method.
Calculating ph-ph interaction...
Frequency     group velocity (x, y, z)     |gv|
 -19.607   (   7.617    3.907   26.275)   27.634
 -17.699   (  16.216   19.286   28.641)   38.147
 -15.322   ( -27.407   25.700   41.684)   56.118
   6.499   (   2.801  -19.773  -19.694)   28.047
  12.193   (   1.442    4.438   -9.766)   10.824
  13.725   (  -2.371   -5.694   -9.179)   11.059
======================= Grid point 150 (39/56) =======================
q-point: ( 0.45  0.18  0.09)
Number of triplets: 666
Calculating collision matrix with tetrahedron method.
Calculating ph-ph interaction...
Frequency     group velocity (x, y, z)     |gv|
 -19.389   (  17.106    5.000   17.858)   25.230
 -15.522   (  26.513    2.832   31.530)   41.293
 -10.141   ( -38.639   28.719   24.688)   54.104
   5.359   (   3.713  -23.073  -22.669)   32.558
   9.929   (  -3.327    0.104   -9.887)   10.433
  13.363   (  -2.716    1.316   -4.780)    5.653
======================= Grid point 151 (40/56) =======================
q-point: ( 0.55  0.18  0.09)
Number of triplets: 666
Calculating collision matrix with tetrahedron method.
Calculating ph-ph interaction...
Frequency     group velocity (x, y, z)     |gv|
 -19.287   (  19.028    2.699   17.111)   25.732
 -15.894   (  31.354   -1.709   32.397)   45.118
 -13.915   ( -32.342   20.672    5.903)   38.835
  -1.681   (   1.524  -18.048  -22.676)   29.022
   9.573   (  -7.471   -0.292   -8.447)   11.281
  13.264   (  -2.722    1.169   -3.715)    4.751
======================= Grid point 160 (41/56) =======================
q-point: ( 0.36  0.27  0.09)
Number of triplets: 366
Calculating collision matrix with tetrahedron method.
Calculating ph-ph interaction...
Frequency     group velocity (x, y, z)     |gv|
 -19.506   (  -0.000    6.487   23.436)   24.317
 -18.932   (  -0.000   24.265   14.673)   28.356
 -14.641   (  -0.000    2.030   55.741)   55.778
   6.337   (   0.000  -17.054  -16.346)   23.623
  11.018   (   0.000    7.795  -10.194)   12.833
  13.524   (   0.000   -4.283  -13.765)   14.416
======================= Grid point 161 (42/56) =======================
q-point: ( 0.45  0.27  0.09)
Number of triplets: 666
Calculating collision matrix with tetrahedron method.
Calculating ph-ph interaction...
Frequency     group velocity (x, y, z)     |gv|
 -19.281   (  21.718   11.589   15.268)   28.967
 -16.512   ( -11.414   15.167   17.051)   25.515
 -12.832   ( -10.335    5.159   39.848)   41.488
  -2.064   (   3.608  -25.382  -20.480)   32.813
   7.961   (   3.386    4.694   -9.642)   11.246
  13.126   (  -6.268    1.335   -8.178)   10.390
======================= Grid point 162 (43/56) =======================
q-point: ( 0.55  0.27  0.09)
Number of triplets: 666
Calculating collision matrix with tetrahedron method.
Calculating ph-ph interaction...
Frequency     group velocity (x, y, z)     |gv|
 -18.970   (  23.183   12.770   14.355)   30.110
 -15.840   (   5.029   -2.623   24.530)   25.177
 -12.609   ( -19.765   14.700   18.663)   30.904
   2.437   (   5.894  -25.022  -25.591)   36.273
   8.530   (  -2.283    2.447   -8.393)    9.035
  13.004   (  -5.901    2.315   -4.908)    8.017
======================= Grid point 163 (44/56) =======================
q-point: (-0.36  0.27  0.09)
Number of triplets: 666
Calculating collision matrix with tetrahedron method.
Calculating ph-ph interaction...
Frequency     group velocity (x, y, z)     |gv|
 -19.484   (  22.230   10.206   14.974)   28.680
 -16.348   (  14.916  -12.954   28.285)   34.502
  -9.574   (  -0.964   -5.622  -13.250)   14.425
   1.526   ( -11.180    4.716  -11.624)   16.803
   8.253   (  -4.561    3.398   -7.576)    9.474
  12.868   (  -6.874   -0.549   -2.501)    7.336
======================= Grid point 164 (45/56) =======================
q-point: (-0.27  0.27  0.09)
Number of triplets: 666
Calculating collision matrix with tetrahedron method.
Calculating ph-ph interaction...
Frequency     group velocity (x, y, z)     |gv|
 -19.057   (  23.518    5.910   10.653)   26.486
 -15.762   (  13.951  -19.620   21.758)   32.450
 -10.481   (  23.826  -22.070  -24.107)   40.446
  -2.732   ( -23.975   27.284   -0.386)   36.323
   8.716   (  -7.157    5.482   -4.188)    9.940
  12.992   (  -6.689   -3.933   -0.936)    7.816
======================= Grid point 165 (46/56) =======================
q-point: (-0.18  0.27  0.09)
Number of triplets: 366
Calculating collision matrix with tetrahedron method.
Calculating ph-ph interaction...
Frequency     group velocity (x, y, z)     |gv|
 -18.510   (  27.278    1.513    0.000)   27.320
 -15.399   (  13.339  -27.233   -0.000)   30.325
 -13.538   (  36.290  -19.215    0.000)   41.063
   1.887   ( -22.364   26.401    0.000)   34.600
   9.232   ( -10.142    7.414   -0.000)   12.563
  13.403   (  -6.218   -6.423   -0.000)    8.940
======================= Grid point 172 (47/56) =======================
q-point: ( 0.45  0.36  0.09)
Number of triplets: 366
Calculating collision matrix with tetrahedron method.
Calculating ph-ph interaction...
Frequency     group velocity (x, y, z)     |gv|
 -19.342   (  -0.000   18.305    7.038)   19.612
 -18.923   (  -0.000   22.760    1.516)   22.811
 -15.056   (  -0.000  -13.165   50.350)   52.043
  -1.287   (   0.000  -24.743  -19.423)   31.456
   8.305   (  -0.000    7.548   -4.603)    8.841
  13.045   (   0.000    1.635   -9.946)   10.079
======================= Grid point 173 (48/56) =======================
q-point: ( 0.55  0.36  0.09)
Number of triplets: 666
Calculating collision matrix with tetrahedron method.
Calculating ph-ph interaction...
Frequency     group velocity (x, y, z)     |gv|
 -18.901   (  22.570   21.613    4.916)   31.634
 -17.151   ( -25.393   23.700    4.597)   35.038
 -11.482   (   2.939  -14.389   39.081)   41.750
  -4.506   (   6.941  -28.851  -27.033)   40.141
   7.883   (   3.796    2.772   -4.666)    6.623
  12.886   (  -7.991    3.248   -3.938)    9.482
======================= Grid point 174 (49/56) =======================
q-point: ( 0.64  0.36  0.09)
Number of triplets: 666
Calculating collision matrix with tetrahedron method.
Calculating ph-ph interaction...
Frequency     group velocity (x, y, z)     |gv|
 -18.267   (  21.385   20.595    5.437)   30.184
 -15.785   ( -12.219    7.508    8.233)   16.536
 -13.147   (   5.277  -12.187   20.707)   24.599
  -1.812   (   3.226  -16.425  -24.535)   29.701
   8.584   (   0.783    2.533   -3.469)    4.366
  12.873   (  -8.775    1.046   -1.633)    8.987
======================= Grid point 175 (50/56) =======================
q-point: (-0.27  0.36  0.09)
Number of triplets: 366
Calculating collision matrix with tetrahedron method.
Calculating ph-ph interaction...
Frequency     group velocity (x, y, z)     |gv|
 -19.135   (  22.631   15.478    0.000)   27.418
 -16.174   (   1.659  -14.370   -0.000)   14.466
 -11.889   (  22.245  -24.127   -0.000)   32.816
  -1.949   ( -19.372   19.396    0.000)   27.413
   8.610   (  -2.777    4.351    0.000)    5.161
  12.920   (  -8.595   -1.408   -0.000)    8.710
======================= Grid point 184 (51/56) =======================
q-point: ( 0.55  0.45  0.09)
Number of triplets: 366
Calculating collision matrix with tetrahedron method.
Calculating ph-ph interaction...
Frequency     group velocity (x, y, z)     |gv|
 -20.113   (  -0.000   25.078   -0.087)   25.078
 -18.966   (   0.000   25.705   -1.244)   25.735
 -14.909   (  -0.000  -21.578   42.566)   47.723
  -7.734   (   0.000  -25.621  -32.306)   41.233
   7.729   (   0.000    4.074   -0.992)    4.193
  12.886   (  -0.000    2.753   -1.602)    3.185
======================= Grid point 185 (52/56) =======================
q-point: (-0.36 -0.55  0.09)
Number of triplets: 366
Calculating collision matrix with tetrahedron method.
Calculating ph-ph interaction...
Frequency     group velocity (x, y, z)     |gv|
 -18.779   (  20.361   25.482    0.000)   32.618
 -17.907   ( -27.520   29.345    0.000)   40.230
 -12.994   (  10.793  -27.759   -0.000)   29.784
  -6.182   (   4.407  -23.665   -0.000)   24.072
   7.968   (   4.707    1.649    0.000)    4.987
  12.862   (  -8.739    2.485   -0.000)    9.085
======================= Grid point 297 (53/56) =======================
q-point: ( 0.55  0.36  0.18)
Number of triplets: 366
Calculating collision matrix with tetrahedron method.
Calculating ph-ph interaction...
Frequency     group velocity (x, y, z)     |gv|
 -18.938   (   0.000    2.349   21.563)   21.690
 -15.577   (  -0.000   29.290    3.214)   29.466
 -13.765   (   0.000    2.388   33.739)   33.824
   7.959   (   0.000  -30.549  -23.750)   38.695
  12.784   (  -0.000   -3.873   -5.989)    7.132
  14.482   (   0.000    7.045   -7.866)   10.560
======================= Grid point 298 (54/56) =======================
q-point: ( 0.64  0.36  0.18)
Number of triplets: 666
Calculating collision matrix with tetrahedron method.
Calculating ph-ph interaction...
Frequency     group velocity (x, y, z)     |gv|
 -18.766   (  17.343    1.507   19.104)   25.846
 -16.482   (   0.461   11.925    6.610)   13.642
  -8.494   (  -6.033    8.461   18.887)   21.557
   8.447   (  -1.223  -21.135  -22.508)   30.900
  10.390   (  -1.455   -1.666   -2.621)    3.430
  12.985   (  -3.923    2.485   -7.316)    8.666
======================= Grid point 309 (55/56) =======================
q-point: ( 0.64  0.45  0.18)
Number of triplets: 366
Calculating collision matrix with tetrahedron method.
Calculating ph-ph interaction...
Frequency     group velocity (x, y, z)     |gv|
 -18.989   (   0.000   18.794    7.396)   20.197
 -18.535   (  -0.000   28.921    0.321)   28.923
 -14.312   (   0.000  -16.047   31.969)   35.771
   5.957   (  -0.000  -28.175  -28.708)   40.224
   9.612   (  -0.000   -0.744    0.220)    0.776
  13.039   (   0.000    2.974   -5.039)    5.851
======================= Grid point 310 (56/56) =======================
q-point: (-0.27  0.45  0.18)
Number of triplets: 366
Calculating collision matrix with tetrahedron method.
Calculating ph-ph interaction...
Frequency     group velocity (x, y, z)     |gv|
 -19.702   (  23.560   17.189    0.000)   29.164
 -16.960   ( -12.416    0.753   -0.000)   12.439
 -11.243   (  14.569  -17.173   -0.000)   22.521
   6.300   ( -13.798    0.600   -0.000)   13.811
   9.214   (   3.380    1.648    0.000)    3.760
  12.886   (  -8.516   -0.992   -0.000)    8.574
=================== End of collection of collisions ===================
- Averaging collision matrix elements by phonon degeneracy [1.044s]
- Making collision matrix symmetric (built-in) [0.068s]
----------- Thermal conductivity (W/m-k) with tetrahedron method -----------
Diagonalizing by scipy.linalg.lapack.dsyev... [0.311s]
Calculating pseudo-inv by ignoring abs(eig)<1.0e-08 (np.dot) [0.001s]
#  T(K)        xx         yy         zz         yz         xz         xy        
   10.0       0.002      0.002      0.002      0.000      0.000      0.000
  (RTA)       0.290      0.290      0.290      0.000      0.000     -0.000
----------------------------------------------------------------------------
Diagonalizing by scipy.linalg.lapack.dsyev... [0.257s]
Calculating pseudo-inv by ignoring abs(eig)<1.0e-08 (np.dot) [0.001s]
#  T(K)        xx         yy         zz         yz         xz         xy        
   20.0       0.048      0.048      0.048     -0.000     -0.000     -0.000
  (RTA)       0.682      0.682      0.682      0.000     -0.000     -0.000
----------------------------------------------------------------------------
Diagonalizing by scipy.linalg.lapack.dsyev... [0.278s]
Calculating pseudo-inv by ignoring abs(eig)<1.0e-08 (np.dot) [0.001s]
#  T(K)        xx         yy         zz         yz         xz         xy        
   30.0       0.103      0.103      0.103      0.000      0.000     -0.000
  (RTA)       0.662      0.662      0.662      0.000      0.000     -0.000
----------------------------------------------------------------------------
Diagonalizing by scipy.linalg.lapack.dsyev... [0.272s]
Calculating pseudo-inv by ignoring abs(eig)<1.0e-08 (np.dot) [0.001s]
#  T(K)        xx         yy         zz         yz         xz         xy        
   40.0       0.140      0.140      0.140      0.000     -0.000      0.000
  (RTA)       0.621      0.621      0.621      0.000      0.000     -0.000
----------------------------------------------------------------------------
Diagonalizing by scipy.linalg.lapack.dsyev... [0.275s]
Calculating pseudo-inv by ignoring abs(eig)<1.0e-08 (np.dot) [0.001s]
#  T(K)        xx         yy         zz         yz         xz         xy        
   50.0       0.188      0.188      0.188      0.000     -0.000     -0.000
  (RTA)       0.616      0.616      0.616      0.000      0.000     -0.000
----------------------------------------------------------------------------
Diagonalizing by scipy.linalg.lapack.dsyev... [0.272s]
Calculating pseudo-inv by ignoring abs(eig)<1.0e-08 (np.dot) [0.001s]
#  T(K)        xx         yy         zz         yz         xz         xy        
   60.0       0.219      0.219      0.219      0.000      0.000      0.000
  (RTA)       0.624      0.624      0.624      0.000      0.000     -0.000
----------------------------------------------------------------------------
Diagonalizing by scipy.linalg.lapack.dsyev... [0.264s]
Calculating pseudo-inv by ignoring abs(eig)<1.0e-08 (np.dot) [0.001s]
#  T(K)        xx         yy         zz         yz         xz         xy        
   70.0       0.251      0.251      0.251      0.000      0.000     -0.000
  (RTA)       0.629      0.629      0.629      0.000      0.000     -0.000
----------------------------------------------------------------------------
Diagonalizing by scipy.linalg.lapack.dsyev... [0.276s]
Calculating pseudo-inv by ignoring abs(eig)<1.0e-08 (np.dot) [0.001s]
#  T(K)        xx         yy         zz         yz         xz         xy        
   80.0       0.331      0.331      0.331      0.000     -0.000      0.000
  (RTA)       0.626      0.626      0.626      0.000      0.000     -0.000
----------------------------------------------------------------------------
Diagonalizing by scipy.linalg.lapack.dsyev... [0.281s]
Calculating pseudo-inv by ignoring abs(eig)<1.0e-08 (np.dot) [0.001s]
#  T(K)        xx         yy         zz         yz         xz         xy        
   90.0       0.318      0.318      0.318      0.000     -0.000      0.000
  (RTA)       0.615      0.615      0.615      0.000      0.000     -0.000
----------------------------------------------------------------------------
Diagonalizing by scipy.linalg.lapack.dsyev... [0.285s]
Calculating pseudo-inv by ignoring abs(eig)<1.0e-08 (np.dot) [0.001s]
#  T(K)        xx         yy         zz         yz         xz         xy        
  100.0       0.300      0.300      0.300      0.000     -0.000     -0.000
  (RTA)       0.598      0.598      0.598      0.000      0.000     -0.000
----------------------------------------------------------------------------
Diagonalizing by scipy.linalg.lapack.dsyev... [0.283s]
Calculating pseudo-inv by ignoring abs(eig)<1.0e-08 (np.dot) [0.001s]
#  T(K)        xx         yy         zz         yz         xz         xy        
  110.0       0.353      0.353      0.353      0.000     -0.000      0.000
  (RTA)       0.578      0.578      0.578      0.000      0.000     -0.000
----------------------------------------------------------------------------
Diagonalizing by scipy.linalg.lapack.dsyev... [0.274s]
Calculating pseudo-inv by ignoring abs(eig)<1.0e-08 (np.dot) [0.001s]
#  T(K)        xx         yy         zz         yz         xz         xy        
  120.0       0.323      0.323      0.323      0.000     -0.000     -0.000
  (RTA)       0.557      0.557      0.557      0.000      0.000     -0.000
----------------------------------------------------------------------------
Diagonalizing by scipy.linalg.lapack.dsyev... [0.283s]
Calculating pseudo-inv by ignoring abs(eig)<1.0e-08 (np.dot) [0.001s]
#  T(K)        xx         yy         zz         yz         xz         xy        
  130.0       0.296      0.296      0.296      0.000     -0.000     -0.000
  (RTA)       0.535      0.535      0.535      0.000     -0.000     -0.000
----------------------------------------------------------------------------
Diagonalizing by scipy.linalg.lapack.dsyev... [0.287s]
Calculating pseudo-inv by ignoring abs(eig)<1.0e-08 (np.dot) [0.001s]
#  T(K)        xx         yy         zz         yz         xz         xy        
  140.0       0.279      0.279      0.279      0.000      0.000      0.000
  (RTA)       0.513      0.513      0.513      0.000     -0.000     -0.000
----------------------------------------------------------------------------
Diagonalizing by scipy.linalg.lapack.dsyev... [0.286s]
Calculating pseudo-inv by ignoring abs(eig)<1.0e-08 (np.dot) [0.001s]
#  T(K)        xx         yy         zz         yz         xz         xy        
  150.0       0.247      0.247      0.247     -0.000     -0.000     -0.000
  (RTA)       0.492      0.492      0.492      0.000      0.000     -0.000
----------------------------------------------------------------------------
Diagonalizing by scipy.linalg.lapack.dsyev... [0.287s]
Calculating pseudo-inv by ignoring abs(eig)<1.0e-08 (np.dot) [0.001s]
#  T(K)        xx         yy         zz         yz         xz         xy        
  160.0       0.324      0.324      0.324     -0.000      0.000     -0.000
  (RTA)       0.472      0.472      0.472      0.000      0.000     -0.000
----------------------------------------------------------------------------
Diagonalizing by scipy.linalg.lapack.dsyev... [0.283s]
Calculating pseudo-inv by ignoring abs(eig)<1.0e-08 (np.dot) [0.001s]
#  T(K)        xx         yy         zz         yz         xz         xy        
  170.0       0.278      0.278      0.278      0.000      0.000     -0.000
  (RTA)       0.453      0.453      0.453      0.000      0.000     -0.000
----------------------------------------------------------------------------
Diagonalizing by scipy.linalg.lapack.dsyev... [0.275s]
Calculating pseudo-inv by ignoring abs(eig)<1.0e-08 (np.dot) [0.001s]
#  T(K)        xx         yy         zz         yz         xz         xy        
  180.0       0.308      0.308      0.308     -0.000     -0.000     -0.000
  (RTA)       0.435      0.435      0.435      0.000     -0.000     -0.000
----------------------------------------------------------------------------
Diagonalizing by scipy.linalg.lapack.dsyev... [0.283s]
Calculating pseudo-inv by ignoring abs(eig)<1.0e-08 (np.dot) [0.001s]
#  T(K)        xx         yy         zz         yz         xz         xy        
  190.0       0.323      0.323      0.323      0.000     -0.000      0.000
  (RTA)       0.418      0.418      0.418      0.000      0.000     -0.000
----------------------------------------------------------------------------
Diagonalizing by scipy.linalg.lapack.dsyev... [0.287s]
Calculating pseudo-inv by ignoring abs(eig)<1.0e-08 (np.dot) [0.001s]
#  T(K)        xx         yy         zz         yz         xz         xy        
  200.0       0.219      0.219      0.219      0.000     -0.000     -0.000
  (RTA)       0.402      0.402      0.402      0.000      0.000     -0.000
----------------------------------------------------------------------------
Diagonalizing by scipy.linalg.lapack.dsyev... [0.291s]
Calculating pseudo-inv by ignoring abs(eig)<1.0e-08 (np.dot) [0.001s]
#  T(K)        xx         yy         zz         yz         xz         xy        
  210.0       0.235      0.235      0.235      0.000      0.000      0.000
  (RTA)       0.387      0.387      0.387      0.000      0.000     -0.000
----------------------------------------------------------------------------
Diagonalizing by scipy.linalg.lapack.dsyev... [0.291s]
Calculating pseudo-inv by ignoring abs(eig)<1.0e-08 (np.dot) [0.001s]
#  T(K)        xx         yy         zz         yz         xz         xy        
  220.0       0.234      0.234      0.234     -0.000     -0.000     -0.000
  (RTA)       0.373      0.373      0.373      0.000      0.000     -0.000
----------------------------------------------------------------------------
Diagonalizing by scipy.linalg.lapack.dsyev... [0.282s]
Calculating pseudo-inv by ignoring abs(eig)<1.0e-08 (np.dot) [0.001s]
#  T(K)        xx         yy         zz         yz         xz         xy        
  230.0       0.232      0.232      0.232      0.000      0.000     -0.000
  (RTA)       0.360      0.360      0.360      0.000      0.000     -0.000
----------------------------------------------------------------------------
Diagonalizing by scipy.linalg.lapack.dsyev... [0.279s]
Calculating pseudo-inv by ignoring abs(eig)<1.0e-08 (np.dot) [0.001s]
#  T(K)        xx         yy         zz         yz         xz         xy        
  240.0       0.208      0.208      0.208      0.000     -0.000     -0.000
  (RTA)       0.348      0.348      0.348      0.000      0.000     -0.000
----------------------------------------------------------------------------
Diagonalizing by scipy.linalg.lapack.dsyev... [0.285s]
Calculating pseudo-inv by ignoring abs(eig)<1.0e-08 (np.dot) [0.001s]
#  T(K)        xx         yy         zz         yz         xz         xy        
  250.0       0.247      0.247      0.247      0.000     -0.000     -0.000
  (RTA)       0.336      0.336      0.336      0.000      0.000     -0.000
----------------------------------------------------------------------------
Diagonalizing by scipy.linalg.lapack.dsyev... [0.287s]
Calculating pseudo-inv by ignoring abs(eig)<1.0e-08 (np.dot) [0.001s]
#  T(K)        xx         yy         zz         yz         xz         xy        
  260.0       0.233      0.233      0.233      0.000      0.000     -0.000
  (RTA)       0.325      0.325      0.325      0.000      0.000     -0.000
----------------------------------------------------------------------------
Diagonalizing by scipy.linalg.lapack.dsyev... [0.289s]
Calculating pseudo-inv by ignoring abs(eig)<1.0e-08 (np.dot) [0.001s]
#  T(K)        xx         yy         zz         yz         xz         xy        
  270.0       0.212      0.212      0.212      0.000     -0.000     -0.000
  (RTA)       0.315      0.315      0.315      0.000      0.000     -0.000
----------------------------------------------------------------------------
Diagonalizing by scipy.linalg.lapack.dsyev... [0.288s]
Calculating pseudo-inv by ignoring abs(eig)<1.0e-08 (np.dot) [0.001s]
#  T(K)        xx         yy         zz         yz         xz         xy        
  280.0       0.208      0.208      0.208      0.000      0.000     -0.000
  (RTA)       0.305      0.305      0.305      0.000      0.000     -0.000
----------------------------------------------------------------------------
Diagonalizing by scipy.linalg.lapack.dsyev... [0.295s]
Calculating pseudo-inv by ignoring abs(eig)<1.0e-08 (np.dot) [0.001s]
#  T(K)        xx         yy         zz         yz         xz         xy        
  290.0       0.203      0.203      0.203      0.000      0.000     -0.000
  (RTA)       0.296      0.296      0.296      0.000      0.000     -0.000
----------------------------------------------------------------------------
Diagonalizing by scipy.linalg.lapack.dsyev... [0.282s]
Calculating pseudo-inv by ignoring abs(eig)<1.0e-08 (np.dot) [0.001s]
#  T(K)        xx         yy         zz         yz         xz         xy        
  300.0       0.191      0.191      0.191      0.000     -0.000     -0.000
  (RTA)       0.287      0.287      0.287      0.000      0.000     -0.000
----------------------------------------------------------------------------
Diagonalizing by scipy.linalg.lapack.dsyev... [0.297s]
Calculating pseudo-inv by ignoring abs(eig)<1.0e-08 (np.dot) [0.001s]
#  T(K)        xx         yy         zz         yz         xz         xy        
  310.0       0.191      0.191      0.191      0.000     -0.000     -0.000
  (RTA)       0.279      0.279      0.279      0.000      0.000     -0.000
----------------------------------------------------------------------------
Diagonalizing by scipy.linalg.lapack.dsyev... [0.291s]
Calculating pseudo-inv by ignoring abs(eig)<1.0e-08 (np.dot) [0.001s]
#  T(K)        xx         yy         zz         yz         xz         xy        
  320.0       0.183      0.183      0.183      0.000      0.000     -0.000
  (RTA)       0.271      0.271      0.271      0.000      0.000     -0.000
----------------------------------------------------------------------------
Diagonalizing by scipy.linalg.lapack.dsyev... [0.290s]
Calculating pseudo-inv by ignoring abs(eig)<1.0e-08 (np.dot) [0.001s]
#  T(K)        xx         yy         zz         yz         xz         xy        
  330.0       0.152      0.152      0.152      0.000     -0.000     -0.000
  (RTA)       0.264      0.264      0.264      0.000      0.000     -0.000
----------------------------------------------------------------------------
Diagonalizing by scipy.linalg.lapack.dsyev... [0.292s]
Calculating pseudo-inv by ignoring abs(eig)<1.0e-08 (np.dot) [0.001s]
#  T(K)        xx         yy         zz         yz         xz         xy        
  340.0       0.177      0.177      0.177      0.000      0.000     -0.000
  (RTA)       0.257      0.257      0.257      0.000      0.000     -0.000
----------------------------------------------------------------------------
Diagonalizing by scipy.linalg.lapack.dsyev... [0.287s]
Calculating pseudo-inv by ignoring abs(eig)<1.0e-08 (np.dot) [0.001s]
#  T(K)        xx         yy         zz         yz         xz         xy        
  350.0       0.157      0.157      0.157      0.000     -0.000     -0.000
  (RTA)       0.250      0.250      0.250      0.000      0.000     -0.000
----------------------------------------------------------------------------
Diagonalizing by scipy.linalg.lapack.dsyev... [0.288s]
Calculating pseudo-inv by ignoring abs(eig)<1.0e-08 (np.dot) [0.001s]
#  T(K)        xx         yy         zz         yz         xz         xy        
  360.0       0.169      0.169      0.169      0.000      0.000     -0.000
  (RTA)       0.244      0.244      0.244      0.000      0.000     -0.000
----------------------------------------------------------------------------
Diagonalizing by scipy.linalg.lapack.dsyev... [0.283s]
Calculating pseudo-inv by ignoring abs(eig)<1.0e-08 (np.dot) [0.001s]
#  T(K)        xx         yy         zz         yz         xz         xy        
  370.0       0.151      0.151      0.151      0.000      0.000     -0.000
  (RTA)       0.238      0.238      0.238      0.000      0.000     -0.000
----------------------------------------------------------------------------
Diagonalizing by scipy.linalg.lapack.dsyev... [0.287s]
Calculating pseudo-inv by ignoring abs(eig)<1.0e-08 (np.dot) [0.001s]
#  T(K)        xx         yy         zz         yz         xz         xy        
  380.0       0.172      0.172      0.172      0.000      0.000     -0.000
  (RTA)       0.232      0.232      0.232      0.000      0.000     -0.000
----------------------------------------------------------------------------
Diagonalizing by scipy.linalg.lapack.dsyev... [0.287s]
Calculating pseudo-inv by ignoring abs(eig)<1.0e-08 (np.dot) [0.001s]
#  T(K)        xx         yy         zz         yz         xz         xy        
  390.0       0.177      0.177      0.177     -0.000      0.000     -0.000
  (RTA)       0.226      0.226      0.226      0.000      0.000     -0.000
----------------------------------------------------------------------------
Diagonalizing by scipy.linalg.lapack.dsyev... [0.293s]
Calculating pseudo-inv by ignoring abs(eig)<1.0e-08 (np.dot) [0.001s]
